<?xml version="1.0" encoding="UTF-8"?>
<!-- Generated by org.testng.reporters.JUnitReportReporter -->
<testsuite hostname="aga-VirtualBox" name="fizzBuzzDiff.AppTests" tests="1" failures="0" timestamp="16 Mar 2016 10:39:59 GMT" time="0.095" errors="0">
  <testcase name="testIfForFifteenGivesFizzBuzz" time="0.095" classname="fizzBuzzDiff.AppTests"/>
</testsuite> <!-- fizzBuzzDiff.AppTests -->
