<?xml version="1.0" encoding="UTF-8"?>
<!-- Generated by org.testng.reporters.JUnitReportReporter -->
<testsuite hostname="aga-VirtualBox" name="fizzBuzzDiff.AppTests" tests="2" failures="0" timestamp="16 Mar 2016 10:09:49 GMT" time="0.145" errors="0">
  <testcase name="fiveDividesBy5" time="0.145" classname="fizzBuzzDiff.AppTests"/>
  <testcase name="fiveDoesntDivBy3" time="0.000" classname="fizzBuzzDiff.AppTests"/>
</testsuite> <!-- fizzBuzzDiff.AppTests -->
